.=====================================================================.
                                                                       
  .d8888b.   .o8888b.  db  .d8888b.  d8888b. d88888b d8888b.  .d888b.  
 .8P    Y8. d8P    Y8  88 .8P    Y8. 88  `8D 88'     88  `8D .8P , Y8. 
 88      88 8P     .ooo88 88      88 88oooY' 88oooo  88oobY' 88  |  88 
 88      88 8b     `~~~88 88      88 88~~~b. 88~~~~  88`8b   88  |/ 88 
 `8b    d8' Y8b    d8  88 `8b    d8' 88   8D 88.     88 `88. `8b | d8' 
  `Y8888P'   `Y8888P'  YP  `Y8888P'  Y8888P' Y88888P 88   YD  `Y888P'  
                                                                       
`========================== INSTALLATION LOG ========================='

[2020/01/09 05:53:28] Host: Darwin Muhammeds-Mac-Pro-2.local 17.7.0 Darwin Kernel Version 17.7.0: Sun Jun  2 20:31:42 PDT 2019; root:xnu-4570.71.46~1/RELEASE_X86_64 x86_64
[2020/01/09 05:53:28] PHP version: 7.3.8
[2020/01/09 05:53:28] Server software: Apache
[2020/01/09 05:53:28] Operating system: Darwin
[2020/01/09 05:53:28] Memory limit: 128M
[2020/01/09 05:53:28] Max execution time: 3600
.============================ POST REQUEST ==========================.
[2020/01/09 05:53:29] Postback payload: Array
(
    [code] => phpVersion
    [handler] => onCheckRequirement
)

[2020/01/09 05:53:29] System check: phpVersion
[2020/01/09 05:53:29] Requirement phpVersion +OK
[2020/01/09 05:53:29] Execute handler (onCheckRequirement): Array
(
    [result] => 1
)

.============================ POST REQUEST ==========================.
[2020/01/09 05:53:29] Postback payload: Array
(
    [code] => curlLibrary
    [handler] => onCheckRequirement
)

[2020/01/09 05:53:29] System check: curlLibrary
[2020/01/09 05:53:29] Requirement curlLibrary +OK
[2020/01/09 05:53:29] Execute handler (onCheckRequirement): Array
(
    [result] => 1
)

.============================ POST REQUEST ==========================.
[2020/01/09 05:53:30] Postback payload: Array
(
    [code] => liveConnection
    [handler] => onCheckRequirement
)

[2020/01/09 05:53:30] System check: liveConnection
[2020/01/09 05:53:31] Server request: ping
[2020/01/09 05:53:31] Request information: Array
(
    [url] => http://gateway.octobercms.com/api/ping
    [content_type] => application/json
    [http_code] => 200
    [header_size] => 477
    [request_size] => 179
    [filetime] => -1
    [ssl_verify_result] => 0
    [redirect_count] => 0
    [total_time] => 0.717173
    [namelookup_time] => 0.194435
    [connect_time] => 0.429134
    [pretransfer_time] => 0.42922
    [size_upload] => 40
    [size_download] => 12
    [speed_download] => 16
    [speed_upload] => 55
    [download_content_length] => -1
    [upload_content_length] => 40
    [starttransfer_time] => 0
    [redirect_time] => 0
    [redirect_url] => 
    [primary_ip] => 127.0.0.1
    [certinfo] => Array
        (
        )

    [primary_port] => 1110
    [local_ip] => 127.0.0.1
    [local_port] => 57114
    [http_version] => 2
    [protocol] => 1
    [ssl_verifyresult] => 0
    [scheme] => HTTP
    [appconnect_time_us] => 0
    [connect_time_us] => 429134
    [namelookup_time_us] => 194435
    [pretransfer_time_us] => 429220
    [redirect_time_us] => 0
    [starttransfer_time_us] => 0
    [total_time_us] => 717173
)

[2020/01/09 05:53:31] Requirement liveConnection +OK
[2020/01/09 05:53:31] Execute handler (onCheckRequirement): Array
(
    [result] => 1
)

.============================ POST REQUEST ==========================.
[2020/01/09 05:53:31] Postback payload: Array
(
    [code] => writePermission
    [handler] => onCheckRequirement
)

[2020/01/09 05:53:31] System check: writePermission
[2020/01/09 05:53:31] Requirement writePermission +OK
[2020/01/09 05:53:31] Execute handler (onCheckRequirement): Array
(
    [result] => 1
)

.============================ POST REQUEST ==========================.
[2020/01/09 05:53:32] Postback payload: Array
(
    [code] => pdoLibrary
    [handler] => onCheckRequirement
)

[2020/01/09 05:53:32] System check: pdoLibrary
[2020/01/09 05:53:32] Requirement pdoLibrary +OK
[2020/01/09 05:53:32] Execute handler (onCheckRequirement): Array
(
    [result] => 1
)

.============================ POST REQUEST ==========================.
[2020/01/09 05:53:32] Postback payload: Array
(
    [code] => mbstringLibrary
    [handler] => onCheckRequirement
)

[2020/01/09 05:53:32] System check: mbstringLibrary
[2020/01/09 05:53:32] Requirement mbstringLibrary +OK
[2020/01/09 05:53:32] Execute handler (onCheckRequirement): Array
(
    [result] => 1
)

.============================ POST REQUEST ==========================.
[2020/01/09 05:53:33] Postback payload: Array
(
    [code] => fileinfoLibrary
    [handler] => onCheckRequirement
)

[2020/01/09 05:53:33] System check: fileinfoLibrary
[2020/01/09 05:53:33] Requirement fileinfoLibrary +OK
[2020/01/09 05:53:33] Execute handler (onCheckRequirement): Array
(
    [result] => 1
)

.============================ POST REQUEST ==========================.
[2020/01/09 05:53:33] Postback payload: Array
(
    [code] => sslLibrary
    [handler] => onCheckRequirement
)

[2020/01/09 05:53:33] System check: sslLibrary
[2020/01/09 05:53:33] Requirement sslLibrary +OK
[2020/01/09 05:53:33] Execute handler (onCheckRequirement): Array
(
    [result] => 1
)

.============================ POST REQUEST ==========================.
[2020/01/09 05:53:34] Postback payload: Array
(
    [code] => zipLibrary
    [handler] => onCheckRequirement
)

[2020/01/09 05:53:34] System check: zipLibrary
[2020/01/09 05:53:34] Requirement zipLibrary +OK
[2020/01/09 05:53:34] Execute handler (onCheckRequirement): Array
(
    [result] => 1
)

.============================ POST REQUEST ==========================.
[2020/01/09 05:53:34] Postback payload: Array
(
    [code] => gdLibrary
    [handler] => onCheckRequirement
)

[2020/01/09 05:53:34] System check: gdLibrary
[2020/01/09 05:53:34] Requirement gdLibrary +OK
[2020/01/09 05:53:34] Execute handler (onCheckRequirement): Array
(
    [result] => 1
)

.============================ POST REQUEST ==========================.
[2020/01/09 05:54:02] Postback payload: Array
(
    [db_type] => mysql
    [db_host] => localhost
    [db_port] => 
    [db_name] => newcargo
    [db_user] => root
    [db_pass] => *******
    [handler] => onValidateDatabase
)

